========== MNIST_FEDAVG_SMALL_RESNET14 ===========
client 0 train samples 5923
client 1 train samples 6742
client 2 train samples 5958
client 3 train samples 6131
client 4 train samples 5842
client 5 train samples 5421
client 6 train samples 5918
client 7 train samples 6265
client 8 train samples 5851
client 9 train samples 5949
val samples--------- 1000
test samples-------- 9000
===================== Start Stage-1 =====================
len(client_models)=10
len(train_loaders)=10
opt[0]=SGD (
Parameter Group 0
    dampening: 0
    differentiable: False
    foreach: None
    lr: 0.01
    maximize: False
    momentum: 0.9
    nesterov: False
    weight_decay: 0
)
========== MNIST_FEDAVG_SMALL_RESNET14 ===========
========== MNIST_FEDAVG_SMALL_RESNET14 ===========
========== MNIST_FEDAVG_SMALL_RESNET14 ===========
client 0 train samples 5923
client 1 train samples 6742
client 2 train samples 5958
client 3 train samples 6131
client 4 train samples 5842
client 5 train samples 5421
client 6 train samples 5918
client 7 train samples 6265
client 8 train samples 5851
client 9 train samples 5949
val samples--------- 1000
test samples-------- 9000
===================== Start Stage-1 =====================
len(client_models)=10
len(train_loaders)=10
opt[0]=SGD (
Parameter Group 0
    dampening: 0
    differentiable: False
    foreach: None
    lr: 0.01
    maximize: False
    momentum: 0.9
    nesterov: False
    weight_decay: 0
)
001 == clients == 0.000 train loss 0.000 | test loss 19.785 | train acc 1.000 | test acc 0.100    == global model ==  train loss 2.375 | test loss 2.468 | train acc 0.094 | test acc 0.101 
002 == clients == 0.000 train loss 0.000 | test loss 18.671 | train acc 1.000 | test acc 0.100    == global model ==  train loss 2.171 | test loss 2.158 | train acc 0.119 | test acc 0.130 
003 == clients == 0.000 train loss 0.000 | test loss 18.209 | train acc 1.000 | test acc 0.100    == global model ==  train loss 2.139 | test loss 2.171 | train acc 0.066 | test acc 0.071 
004 == clients == 0.000 train loss 0.000 | test loss 18.389 | train acc 1.000 | test acc 0.100    == global model ==  train loss 2.121 | test loss 2.105 | train acc 0.126 | test acc 0.127 
005 == clients == 0.000 train loss 0.000 | test loss 18.614 | train acc 1.000 | test acc 0.100    == global model ==  train loss 2.118 | test loss 2.132 | train acc 0.069 | test acc 0.052 
006 == clients == 0.000 train loss 0.000 | test loss 18.890 | train acc 1.000 | test acc 0.100    == global model ==  train loss 2.123 | test loss 2.099 | train acc 0.123 | test acc 0.132 
007 == clients == 0.000 train loss 0.000 | test loss 19.086 | train acc 1.000 | test acc 0.100    == global model ==  train loss 2.127 | test loss 2.149 | train acc 0.070 | test acc 0.054 
008 == clients == 0.000 train loss 0.000 | test loss 19.436 | train acc 1.000 | test acc 0.100    == global model ==  train loss 2.148 | test loss 2.116 | train acc 0.126 | test acc 0.116 
009 == clients == 0.000 train loss 0.000 | test loss 19.707 | train acc 1.000 | test acc 0.100    == global model ==  train loss 2.165 | test loss 2.202 | train acc 0.070 | test acc 0.075 
010 == clients == 0.000 train loss 0.000 | test loss 19.963 | train acc 1.000 | test acc 0.100    == global model ==  train loss 2.185 | test loss 2.143 | train acc 0.133 | test acc 0.120 
011 == clients == 0.000 train loss 0.000 | test loss 20.094 | train acc 1.000 | test acc 0.100    == global model ==  train loss 2.216 | test loss 2.271 | train acc 0.086 | test acc 0.078 
012 == clients == 0.000 train loss 0.000 | test loss 20.422 | train acc 1.000 | test acc 0.100    == global model ==  train loss 2.235 | test loss 2.181 | train acc 0.134 | test acc 0.123 
013 == clients == 0.000 train loss 0.000 | test loss 20.481 | train acc 1.000 | test acc 0.100    == global model ==  train loss 2.274 | test loss 2.344 | train acc 0.128 | test acc 0.115 
014 == clients == 0.000 train loss 0.000 | test loss 20.714 | train acc 1.000 | test acc 0.100    == global model ==  train loss 2.282 | test loss 2.219 | train acc 0.124 | test acc 0.113 
015 == clients == 0.000 train loss 0.000 | test loss 20.700 | train acc 1.000 | test acc 0.100    == global model ==  train loss 2.301 | test loss 2.371 | train acc 0.134 | test acc 0.123 
016 == clients == 0.000 train loss 0.000 | test loss 20.781 | train acc 1.000 | test acc 0.100    == global model ==  train loss 2.309 | test loss 2.243 | train acc 0.118 | test acc 0.122 
017 == clients == 0.000 train loss 0.000 | test loss 20.849 | train acc 1.000 | test acc 0.100    == global model ==  train loss 2.295 | test loss 2.364 | train acc 0.163 | test acc 0.156 
018 == clients == 0.000 train loss 0.000 | test loss 20.731 | train acc 1.000 | test acc 0.100    == global model ==  train loss 2.327 | test loss 2.268 | train acc 0.114 | test acc 0.130 
019 == clients == 0.000 train loss 0.000 | test loss 20.970 | train acc 1.000 | test acc 0.100    == global model ==  train loss 2.303 | test loss 2.364 | train acc 0.165 | test acc 0.165 
020 == clients == 0.000 train loss 0.000 | test loss 20.712 | train acc 1.000 | test acc 0.100    == global model ==  train loss 2.332 | test loss 2.279 | train acc 0.107 | test acc 0.116 
021 == clients == 0.000 train loss 0.000 | test loss 20.947 | train acc 1.000 | test acc 0.100    == global model ==  train loss 2.309 | test loss 2.365 | train acc 0.174 | test acc 0.174 
022 == clients == 0.000 train loss 0.000 | test loss 20.693 | train acc 1.000 | test acc 0.100    == global model ==  train loss 2.311 | test loss 2.263 | train acc 0.113 | test acc 0.120 
023 == clients == 0.000 train loss 0.000 | test loss 20.829 | train acc 1.000 | test acc 0.100    == global model ==  train loss 2.302 | test loss 2.351 | train acc 0.162 | test acc 0.134 
024 == clients == 0.000 train loss 0.000 | test loss 20.576 | train acc 1.000 | test acc 0.100    == global model ==  train loss 2.305 | test loss 2.257 | train acc 0.104 | test acc 0.118 
025 == clients == 0.000 train loss 0.000 | test loss 20.654 | train acc 1.000 | test acc 0.100    == global model ==  train loss 2.298 | test loss 2.345 | train acc 0.109 | test acc 0.085 
026 == clients == 0.000 train loss 0.000 | test loss 20.509 | train acc 1.000 | test acc 0.100    == global model ==  train loss 2.311 | test loss 2.265 | train acc 0.105 | test acc 0.099 
027 == clients == 0.000 train loss 0.000 | test loss 20.544 | train acc 1.000 | test acc 0.100    == global model ==  train loss 2.289 | test loss 2.323 | train acc 0.101 | test acc 0.101 
028 == clients == 0.000 train loss 0.000 | test loss 20.418 | train acc 1.000 | test acc 0.100    == global model ==  train loss 2.334 | test loss 2.282 | train acc 0.102 | test acc 0.076 
029 == clients == 0.000 train loss 0.000 | test loss 20.583 | train acc 1.000 | test acc 0.100    == global model ==  train loss 2.273 | test loss 2.300 | train acc 0.100 | test acc 0.089 
030 == clients == 0.000 train loss 0.000 | test loss 20.377 | train acc 1.000 | test acc 0.100    == global model ==  train loss 2.340 | test loss 2.284 | train acc 0.159 | test acc 0.161 
031 == clients == 0.000 train loss 0.000 | test loss 20.455 | train acc 1.000 | test acc 0.100    == global model ==  train loss 2.346 | test loss 2.356 | train acc 0.103 | test acc 0.120 
032 == clients == 0.000 train loss 0.000 | test loss 20.761 | train acc 1.000 | test acc 0.100    == global model ==  train loss 2.282 | test loss 2.265 | train acc 0.121 | test acc 0.083 
033 == clients == 0.000 train loss 0.000 | test loss 20.251 | train acc 1.000 | test acc 0.100    == global model ==  train loss 2.381 | test loss 2.360 | train acc 0.112 | test acc 0.156 
034 == clients == 0.000 train loss 0.000 | test loss 20.888 | train acc 1.000 | test acc 0.100    == global model ==  train loss 2.314 | test loss 2.335 | train acc 0.140 | test acc 0.076 
035 == clients == 0.000 train loss 0.000 | test loss 20.587 | train acc 1.000 | test acc 0.100    == global model ==  train loss 2.386 | test loss 2.343 | train acc 0.127 | test acc 0.153 
036 == clients == 0.000 train loss 0.000 | test loss 20.711 | train acc 1.000 | test acc 0.100    == global model ==  train loss 2.386 | test loss 2.385 | train acc 0.094 | test acc 0.066 
037 == clients == 0.000 train loss 0.000 | test loss 20.591 | train acc 1.000 | test acc 0.100    == global model ==  train loss 2.619 | test loss 2.533 | train acc 0.101 | test acc 0.111 
038 == clients == 0.000 train loss 0.000 | test loss 21.425 | train acc 1.000 | test acc 0.100    == global model ==  train loss 2.309 | test loss 2.337 | train acc 0.100 | test acc 0.109 
039 == clients == 0.000 train loss 0.000 | test loss 20.769 | train acc 1.000 | test acc 0.100    == global model ==  train loss 2.338 | test loss 2.309 | train acc 0.133 | test acc 0.167 
040 == clients == 0.000 train loss 0.000 | test loss 20.296 | train acc 1.000 | test acc 0.100    == global model ==  train loss 2.256 | test loss 2.267 | train acc 0.100 | test acc 0.092 
041 == clients == 0.000 train loss 0.000 | test loss 20.176 | train acc 1.000 | test acc 0.100    == global model ==  train loss 2.391 | test loss 2.335 | train acc 0.141 | test acc 0.188 
042 == clients == 0.000 train loss 0.000 | test loss 20.390 | train acc 1.000 | test acc 0.100    == global model ==  train loss 2.214 | test loss 2.219 | train acc 0.102 | test acc 0.080 
043 == clients == 0.000 train loss 0.000 | test loss 19.779 | train acc 1.000 | test acc 0.100    == global model ==  train loss 2.448 | test loss 2.372 | train acc 0.118 | test acc 0.160 
044 == clients == 0.000 train loss 0.000 | test loss 20.712 | train acc 1.000 | test acc 0.100    == global model ==  train loss 2.261 | test loss 2.293 | train acc 0.094 | test acc 0.092 
045 == clients == 0.000 train loss 0.000 | test loss 20.323 | train acc 1.000 | test acc 0.100    == global model ==  train loss 2.364 | test loss 2.302 | train acc 0.118 | test acc 0.158 
046 == clients == 0.000 train loss 0.000 | test loss 20.178 | train acc 1.000 | test acc 0.100    == global model ==  train loss 2.309 | test loss 2.341 | train acc 0.100 | test acc 0.085 
047 == clients == 0.000 train loss 0.000 | test loss 20.064 | train acc 1.000 | test acc 0.100    == global model ==  train loss 2.488 | test loss 2.393 | train acc 0.105 | test acc 0.132 
048 == clients == 0.000 train loss 0.000 | test loss 20.597 | train acc 1.000 | test acc 0.100    == global model ==  train loss 2.498 | test loss 2.523 | train acc 0.100 | test acc 0.108 
049 == clients == 0.000 train loss 0.000 | test loss 21.138 | train acc 1.000 | test acc 0.100    == global model ==  train loss 2.394 | test loss 2.369 | train acc 0.125 | test acc 0.156 
050 == clients == 0.000 train loss 0.000 | test loss 20.482 | train acc 1.000 | test acc 0.100    == global model ==  train loss 2.237 | test loss 2.274 | train acc 0.107 | test acc 0.095 
global model -- val_loss=2.485 -- val_acc=0.084 -- test_loss=2.540 -- test_acc=0.102
051 == clients == 0.000 train loss 0.000 | test loss 19.717 | train acc 1.000 | test acc 0.100    == global model ==  train loss 2.295 | test loss 2.206 | train acc 0.118 | test acc 0.139 
052 == clients == 0.000 train loss 0.000 | test loss 19.732 | train acc 1.000 | test acc 0.100    == global model ==  train loss 2.352 | test loss 2.419 | train acc 0.114 | test acc 0.099 
053 == clients == 0.000 train loss 0.000 | test loss 20.091 | train acc 1.000 | test acc 0.100    == global model ==  train loss 2.383 | test loss 2.272 | train acc 0.102 | test acc 0.141 
054 == clients == 0.000 train loss 0.000 | test loss 19.920 | train acc 1.000 | test acc 0.100    == global model ==  train loss 2.356 | test loss 2.426 | train acc 0.114 | test acc 0.102 
055 == clients == 0.000 train loss 0.000 | test loss 19.934 | train acc 1.000 | test acc 0.100    == global model ==  train loss 2.328 | test loss 2.242 | train acc 0.111 | test acc 0.132 
056 == clients == 0.000 train loss 0.000 | test loss 19.701 | train acc 1.000 | test acc 0.100    == global model ==  train loss 2.370 | test loss 2.433 | train acc 0.120 | test acc 0.099 
057 == clients == 0.000 train loss 0.000 | test loss 19.973 | train acc 1.000 | test acc 0.100    == global model ==  train loss 2.354 | test loss 2.252 | train acc 0.129 | test acc 0.167 
058 == clients == 0.000 train loss 0.000 | test loss 19.566 | train acc 1.000 | test acc 0.100    == global model ==  train loss 2.405 | test loss 2.461 | train acc 0.106 | test acc 0.097 
059 == clients == 0.000 train loss 0.000 | test loss 19.884 | train acc 1.000 | test acc 0.100    == global model ==  train loss 2.269 | test loss 2.209 | train acc 0.116 | test acc 0.135 
060 == clients == 0.000 train loss 0.000 | test loss 19.086 | train acc 1.000 | test acc 0.100    == global model ==  train loss 2.326 | test loss 2.383 | train acc 0.122 | test acc 0.090 
061 == clients == 0.000 train loss 0.000 | test loss 19.578 | train acc 1.000 | test acc 0.100    == global model ==  train loss 2.293 | test loss 2.216 | train acc 0.128 | test acc 0.144 
062 == clients == 0.000 train loss 0.000 | test loss 18.972 | train acc 1.000 | test acc 0.100    == global model ==  train loss 2.315 | test loss 2.368 | train acc 0.123 | test acc 0.099 
063 == clients == 0.000 train loss 0.000 | test loss 19.058 | train acc 1.000 | test acc 0.100    == global model ==  train loss 2.262 | test loss 2.194 | train acc 0.110 | test acc 0.146 
064 == clients == 0.000 train loss 0.000 | test loss 19.037 | train acc 1.000 | test acc 0.100    == global model ==  train loss 2.329 | test loss 2.393 | train acc 0.113 | test acc 0.090 
065 == clients == 0.000 train loss 0.000 | test loss 19.124 | train acc 1.000 | test acc 0.100    == global model ==  train loss 2.305 | test loss 2.230 | train acc 0.123 | test acc 0.151 
066 == clients == 0.000 train loss 0.000 | test loss 18.875 | train acc 1.000 | test acc 0.100    == global model ==  train loss 2.290 | test loss 2.322 | train acc 0.108 | test acc 0.099 
067 == clients == 0.000 train loss 0.000 | test loss 18.727 | train acc 1.000 | test acc 0.100    == global model ==  train loss 2.348 | test loss 2.319 | train acc 0.105 | test acc 0.167 
068 == clients == 0.000 train loss 0.000 | test loss 19.396 | train acc 1.000 | test acc 0.100    == global model ==  train loss 2.385 | test loss 2.392 | train acc 0.132 | test acc 0.108 
069 == clients == 0.000 train loss 0.000 | test loss 19.269 | train acc 1.000 | test acc 0.100    == global model ==  train loss 2.297 | test loss 2.272 | train acc 0.100 | test acc 0.120 
070 == clients == 0.000 train loss 0.000 | test loss 18.530 | train acc 1.000 | test acc 0.100    == global model ==  train loss 2.228 | test loss 2.230 | train acc 0.139 | test acc 0.115 
071 == clients == 0.000 train loss 0.000 | test loss 18.637 | train acc 1.000 | test acc 0.100    == global model ==  train loss 2.279 | test loss 2.255 | train acc 0.100 | test acc 0.132 
072 == clients == 0.000 train loss 0.000 | test loss 18.666 | train acc 1.000 | test acc 0.100    == global model ==  train loss 2.201 | test loss 2.234 | train acc 0.109 | test acc 0.097 
073 == clients == 0.000 train loss 0.000 | test loss 18.091 | train acc 1.000 | test acc 0.100    == global model ==  train loss 2.303 | test loss 2.261 | train acc 0.100 | test acc 0.122 
074 == clients == 0.000 train loss 0.000 | test loss 18.523 | train acc 1.000 | test acc 0.100    == global model ==  train loss 2.182 | test loss 2.169 | train acc 0.137 | test acc 0.116 
075 == clients == 0.000 train loss 0.000 | test loss 18.072 | train acc 1.000 | test acc 0.100    == global model ==  train loss 2.540 | test loss 2.532 | train acc 0.100 | test acc 0.094 
076 == clients == 0.000 train loss 0.000 | test loss 19.634 | train acc 1.000 | test acc 0.100    == global model ==  train loss 2.697 | test loss 2.509 | train acc 0.100 | test acc 0.111 
077 == clients == 0.000 train loss 0.000 | test loss 20.221 | train acc 1.000 | test acc 0.100    == global model ==  train loss 2.635 | test loss 2.729 | train acc 0.101 | test acc 0.083 
078 == clients == 0.000 train loss 0.000 | test loss 20.691 | train acc 1.000 | test acc 0.100    == global model ==  train loss 2.550 | test loss 2.485 | train acc 0.100 | test acc 0.123 
079 == clients == 0.000 train loss 0.000 | test loss 19.951 | train acc 1.000 | test acc 0.100    == global model ==  train loss 2.375 | test loss 2.457 | train acc 0.108 | test acc 0.104 
080 == clients == 0.000 train loss 0.000 | test loss 18.824 | train acc 1.000 | test acc 0.100    == global model ==  train loss 2.365 | test loss 2.296 | train acc 0.149 | test acc 0.165 
081 == clients == 0.000 train loss 0.000 | test loss 19.129 | train acc 1.000 | test acc 0.100    == global model ==  train loss 2.458 | test loss 2.526 | train acc 0.160 | test acc 0.139 
082 == clients == 0.000 train loss 0.000 | test loss 19.869 | train acc 1.000 | test acc 0.100    == global model ==  train loss 2.350 | test loss 2.302 | train acc 0.141 | test acc 0.165 
083 == clients == 0.000 train loss 0.000 | test loss 18.642 | train acc 1.000 | test acc 0.100    == global model ==  train loss 2.375 | test loss 2.442 | train acc 0.119 | test acc 0.087 
084 == clients == 0.000 train loss 0.000 | test loss 18.750 | train acc 1.000 | test acc 0.100    == global model ==  train loss 2.318 | test loss 2.267 | train acc 0.130 | test acc 0.151 
085 == clients == 0.000 train loss 0.000 | test loss 19.022 | train acc 1.000 | test acc 0.100    == global model ==  train loss 2.562 | test loss 2.634 | train acc 0.159 | test acc 0.123 
086 == clients == 0.000 train loss 0.000 | test loss 20.355 | train acc 1.000 | test acc 0.100    == global model ==  train loss 2.413 | test loss 2.353 | train acc 0.122 | test acc 0.139 
087 == clients == 0.000 train loss 0.000 | test loss 18.630 | train acc 1.000 | test acc 0.100    == global model ==  train loss 2.410 | test loss 2.504 | train acc 0.172 | test acc 0.116 
088 == clients == 0.000 train loss 0.000 | test loss 18.395 | train acc 1.000 | test acc 0.100    == global model ==  train loss 2.237 | test loss 2.159 | train acc 0.105 | test acc 0.118 
089 == clients == 0.000 train loss 0.000 | test loss 18.185 | train acc 1.000 | test acc 0.100    == global model ==  train loss 2.759 | test loss 2.803 | train acc 0.100 | test acc 0.094 
090 == clients == 0.000 train loss 0.000 | test loss 20.064 | train acc 1.000 | test acc 0.100    == global model ==  train loss 2.488 | test loss 2.438 | train acc 0.100 | test acc 0.125 
091 == clients == 0.000 train loss 0.000 | test loss 18.452 | train acc 1.000 | test acc 0.100    == global model ==  train loss 2.266 | test loss 2.322 | train acc 0.102 | test acc 0.092 
092 == clients == 0.000 train loss 0.000 | test loss 18.202 | train acc 1.000 | test acc 0.100    == global model ==  train loss 2.283 | test loss 2.212 | train acc 0.167 | test acc 0.156 
093 == clients == 0.000 train loss 0.000 | test loss 17.936 | train acc 1.000 | test acc 0.100    == global model ==  train loss 2.426 | test loss 2.445 | train acc 0.100 | test acc 0.094 
094 == clients == 0.000 train loss 0.000 | test loss 18.406 | train acc 1.000 | test acc 0.100    == global model ==  train loss 2.470 | test loss 2.383 | train acc 0.150 | test acc 0.160 
095 == clients == 0.000 train loss 0.000 | test loss 18.111 | train acc 1.000 | test acc 0.100    == global model ==  train loss 2.182 | test loss 2.182 | train acc 0.109 | test acc 0.075 
096 == clients == 0.000 train loss 0.000 | test loss 17.691 | train acc 1.000 | test acc 0.100    == global model ==  train loss 2.307 | test loss 2.259 | train acc 0.209 | test acc 0.226 
097 == clients == 0.000 train loss 0.000 | test loss 17.381 | train acc 1.000 | test acc 0.100    == global model ==  train loss 2.312 | test loss 2.272 | train acc 0.183 | test acc 0.170 
098 == clients == 0.000 train loss 0.000 | test loss 18.473 | train acc 1.000 | test acc 0.100    == global model ==  train loss 2.401 | test loss 2.446 | train acc 0.151 | test acc 0.153 
099 == clients == 0.000 train loss 0.000 | test loss 19.012 | train acc 1.000 | test acc 0.100    == global model ==  train loss 2.523 | test loss 2.497 | train acc 0.104 | test acc 0.127 
100 == clients == 0.000 train loss 0.000 | test loss 18.815 | train acc 1.000 | test acc 0.100    == global model ==  train loss 2.231 | test loss 2.297 | train acc 0.114 | test acc 0.137 
global model -- val_loss=2.518 -- val_acc=0.129 -- test_loss=2.543 -- test_acc=0.143
101 == clients == 0.000 train loss 0.000 | test loss 17.651 | train acc 1.000 | test acc 0.100    == global model ==  train loss 2.299 | test loss 2.230 | train acc 0.103 | test acc 0.128 
102 == clients == 0.000 train loss 0.000 | test loss 18.084 | train acc 1.000 | test acc 0.100    == global model ==  train loss 2.570 | test loss 2.656 | train acc 0.137 | test acc 0.101 
103 == clients == 0.000 train loss 0.000 | test loss 19.413 | train acc 1.000 | test acc 0.100    == global model ==  train loss 2.464 | test loss 2.366 | train acc 0.109 | test acc 0.127 
104 == clients == 0.000 train loss 0.000 | test loss 18.382 | train acc 1.000 | test acc 0.100    == global model ==  train loss 2.304 | test loss 2.374 | train acc 0.151 | test acc 0.127 
105 == clients == 0.000 train loss 0.000 | test loss 17.301 | train acc 1.000 | test acc 0.100    == global model ==  train loss 2.354 | test loss 2.263 | train acc 0.108 | test acc 0.134 
106 == clients == 0.000 train loss 0.000 | test loss 18.384 | train acc 1.000 | test acc 0.100    == global model ==  train loss 2.614 | test loss 2.684 | train acc 0.100 | test acc 0.094 
107 == clients == 0.000 train loss 0.000 | test loss 19.572 | train acc 1.000 | test acc 0.100    == global model ==  train loss 2.546 | test loss 2.467 | train acc 0.103 | test acc 0.125 
108 == clients == 0.000 train loss 0.000 | test loss 18.240 | train acc 1.000 | test acc 0.100    == global model ==  train loss 2.116 | test loss 2.174 | train acc 0.106 | test acc 0.106 
109 == clients == 0.000 train loss 0.000 | test loss 17.055 | train acc 1.000 | test acc 0.100    == global model ==  train loss 2.339 | test loss 2.282 | train acc 0.107 | test acc 0.135 
110 == clients == 0.000 train loss 0.000 | test loss 17.489 | train acc 1.000 | test acc 0.100    == global model ==  train loss 2.376 | test loss 2.447 | train acc 0.100 | test acc 0.095 
111 == clients == 0.000 train loss 0.000 | test loss 17.851 | train acc 1.000 | test acc 0.100    == global model ==  train loss 2.302 | test loss 2.276 | train acc 0.174 | test acc 0.163 
112 == clients == 0.000 train loss 0.000 | test loss 16.953 | train acc 1.000 | test acc 0.100    == global model ==  train loss 2.365 | test loss 2.368 | train acc 0.110 | test acc 0.095 
113 == clients == 0.000 train loss 0.000 | test loss 17.933 | train acc 1.000 | test acc 0.100    == global model ==  train loss 2.298 | test loss 2.267 | train acc 0.135 | test acc 0.212 
114 == clients == 0.000 train loss 0.000 | test loss 16.840 | train acc 1.000 | test acc 0.100    == global model ==  train loss 2.324 | test loss 2.349 | train acc 0.101 | test acc 0.094 
115 == clients == 0.000 train loss 0.000 | test loss 17.083 | train acc 1.000 | test acc 0.100    == global model ==  train loss 2.210 | test loss 2.161 | train acc 0.145 | test acc 0.146 
116 == clients == 0.000 train loss 0.000 | test loss 16.402 | train acc 1.000 | test acc 0.100    == global model ==  train loss 2.470 | test loss 2.511 | train acc 0.100 | test acc 0.094 
117 == clients == 0.000 train loss 0.000 | test loss 17.540 | train acc 1.000 | test acc 0.100    == global model ==  train loss 2.570 | test loss 2.472 | train acc 0.104 | test acc 0.122 
118 == clients == 0.000 train loss 0.000 | test loss 17.959 | train acc 1.000 | test acc 0.100    == global model ==  train loss 2.576 | test loss 2.644 | train acc 0.105 | test acc 0.120 
119 == clients == 0.000 train loss 0.000 | test loss 18.494 | train acc 1.000 | test acc 0.100    == global model ==  train loss 2.719 | test loss 2.649 | train acc 0.166 | test acc 0.158 
120 == clients == 0.000 train loss 0.000 | test loss 19.718 | train acc 1.000 | test acc 0.100    == global model ==  train loss 2.267 | test loss 2.348 | train acc 0.124 | test acc 0.083 
121 == clients == 0.000 train loss 0.000 | test loss 17.938 | train acc 1.000 | test acc 0.100    == global model ==  train loss 2.278 | test loss 2.251 | train acc 0.102 | test acc 0.132 
122 == clients == 0.000 train loss 0.000 | test loss 17.180 | train acc 1.000 | test acc 0.100    == global model ==  train loss 2.519 | test loss 2.612 | train acc 0.144 | test acc 0.122 
123 == clients == 0.000 train loss 0.000 | test loss 17.578 | train acc 1.000 | test acc 0.100    == global model ==  train loss 2.357 | test loss 2.356 | train acc 0.176 | test acc 0.226 
124 == clients == 0.000 train loss 0.000 | test loss 18.096 | train acc 1.000 | test acc 0.100    == global model ==  train loss 2.404 | test loss 2.470 | train acc 0.109 | test acc 0.095 
125 == clients == 0.000 train loss 0.000 | test loss 16.780 | train acc 1.000 | test acc 0.100    == global model ==  train loss 2.290 | test loss 2.178 | train acc 0.128 | test acc 0.130 
126 == clients == 0.000 train loss 0.000 | test loss 17.527 | train acc 1.000 | test acc 0.100    == global model ==  train loss 2.876 | test loss 2.943 | train acc 0.101 | test acc 0.094 
127 == clients == 0.000 train loss 0.000 | test loss 19.568 | train acc 1.000 | test acc 0.100    == global model ==  train loss 2.491 | test loss 2.440 | train acc 0.181 | test acc 0.205 
128 == clients == 0.000 train loss 0.000 | test loss 17.792 | train acc 1.000 | test acc 0.100    == global model ==  train loss 2.297 | test loss 2.380 | train acc 0.177 | test acc 0.113 
129 == clients == 0.000 train loss 0.000 | test loss 17.152 | train acc 1.000 | test acc 0.100    == global model ==  train loss 2.313 | test loss 2.254 | train acc 0.149 | test acc 0.194 
130 == clients == 0.000 train loss 0.000 | test loss 16.936 | train acc 1.000 | test acc 0.100    == global model ==  train loss 2.491 | test loss 2.543 | train acc 0.111 | test acc 0.095 
131 == clients == 0.000 train loss 0.000 | test loss 17.511 | train acc 1.000 | test acc 0.100    == global model ==  train loss 2.452 | test loss 2.425 | train acc 0.117 | test acc 0.142 
132 == clients == 0.000 train loss 0.000 | test loss 17.207 | train acc 1.000 | test acc 0.100    == global model ==  train loss 2.204 | test loss 2.276 | train acc 0.118 | test acc 0.106 
133 == clients == 0.000 train loss 0.000 | test loss 16.080 | train acc 1.000 | test acc 0.100    == global model ==  train loss 2.317 | test loss 2.261 | train acc 0.135 | test acc 0.156 
134 == clients == 0.000 train loss 0.000 | test loss 18.029 | train acc 1.000 | test acc 0.100    == global model ==  train loss 2.376 | test loss 2.453 | train acc 0.100 | test acc 0.109 
135 == clients == 0.000 train loss 0.000 | test loss 17.097 | train acc 1.000 | test acc 0.100    == global model ==  train loss 2.349 | test loss 2.347 | train acc 0.202 | test acc 0.203 
136 == clients == 0.000 train loss 0.000 | test loss 17.060 | train acc 1.000 | test acc 0.100    == global model ==  train loss 2.456 | test loss 2.523 | train acc 0.143 | test acc 0.118 
137 == clients == 0.000 train loss 0.000 | test loss 17.095 | train acc 1.000 | test acc 0.100    == global model ==  train loss 2.359 | test loss 2.326 | train acc 0.146 | test acc 0.219 
138 == clients == 0.000 train loss 0.000 | test loss 16.605 | train acc 1.000 | test acc 0.100    == global model ==  train loss 2.383 | test loss 2.443 | train acc 0.100 | test acc 0.095 
139 == clients == 0.000 train loss 0.000 | test loss 16.372 | train acc 1.000 | test acc 0.100    == global model ==  train loss 2.250 | test loss 2.177 | train acc 0.161 | test acc 0.168 
140 == clients == 0.000 train loss 0.000 | test loss 16.465 | train acc 1.000 | test acc 0.100    == global model ==  train loss 2.747 | test loss 2.744 | train acc 0.100 | test acc 0.095 
141 == clients == 0.000 train loss 0.000 | test loss 17.986 | train acc 1.000 | test acc 0.100    == global model ==  train loss 2.450 | test loss 2.406 | train acc 0.129 | test acc 0.132 
142 == clients == 0.000 train loss 0.000 | test loss 16.528 | train acc 1.000 | test acc 0.100    == global model ==  train loss 2.423 | test loss 2.454 | train acc 0.158 | test acc 0.156 
143 == clients == 0.000 train loss 0.000 | test loss 17.236 | train acc 1.000 | test acc 0.100    == global model ==  train loss 2.251 | test loss 2.196 | train acc 0.146 | test acc 0.161 
144 == clients == 0.000 train loss 0.000 | test loss 16.303 | train acc 1.000 | test acc 0.100    == global model ==  train loss 2.460 | test loss 2.475 | train acc 0.143 | test acc 0.135 
145 == clients == 0.000 train loss 0.000 | test loss 16.124 | train acc 1.000 | test acc 0.100    == global model ==  train loss 2.350 | test loss 2.288 | train acc 0.124 | test acc 0.132 
146 == clients == 0.000 train loss 0.000 | test loss 16.651 | train acc 1.000 | test acc 0.100    == global model ==  train loss 2.500 | test loss 2.596 | train acc 0.152 | test acc 0.118 
147 == clients == 0.000 train loss 0.000 | test loss 17.292 | train acc 1.000 | test acc 0.100    == global model ==  train loss 2.582 | test loss 2.492 | train acc 0.124 | test acc 0.148 
148 == clients == 0.000 train loss 0.000 | test loss 17.949 | train acc 1.000 | test acc 0.100    == global model ==  train loss 2.232 | test loss 2.302 | train acc 0.112 | test acc 0.115 
149 == clients == 0.000 train loss 0.000 | test loss 16.269 | train acc 1.000 | test acc 0.100    == global model ==  train loss 2.269 | test loss 2.235 | train acc 0.201 | test acc 0.212 
150 == clients == 0.000 train loss 0.000 | test loss 16.227 | train acc 1.000 | test acc 0.100    == global model ==  train loss 2.528 | test loss 2.605 | train acc 0.177 | test acc 0.118 
global model -- val_loss=2.898 -- val_acc=0.136 -- test_loss=2.881 -- test_acc=0.137
151 == clients == 0.000 train loss 0.000 | test loss 17.536 | train acc 1.000 | test acc 0.100    == global model ==  train loss 2.372 | test loss 2.301 | train acc 0.162 | test acc 0.156 
152 == clients == 0.000 train loss 0.000 | test loss 16.104 | train acc 1.000 | test acc 0.100    == global model ==  train loss 2.428 | test loss 2.519 | train acc 0.100 | test acc 0.094 
153 == clients == 0.000 train loss 0.000 | test loss 16.342 | train acc 1.000 | test acc 0.100    == global model ==  train loss 2.327 | test loss 2.256 | train acc 0.151 | test acc 0.146 
154 == clients == 0.000 train loss 0.000 | test loss 16.051 | train acc 1.000 | test acc 0.100    == global model ==  train loss 2.316 | test loss 2.382 | train acc 0.100 | test acc 0.094 
155 == clients == 0.000 train loss 0.000 | test loss 16.155 | train acc 1.000 | test acc 0.100    == global model ==  train loss 2.362 | test loss 2.308 | train acc 0.143 | test acc 0.148 
156 == clients == 0.000 train loss 0.000 | test loss 15.888 | train acc 1.000 | test acc 0.100    == global model ==  train loss 2.252 | test loss 2.256 | train acc 0.145 | test acc 0.130 
157 == clients == 0.000 train loss 0.000 | test loss 15.750 | train acc 1.000 | test acc 0.100    == global model ==  train loss 2.297 | test loss 2.321 | train acc 0.225 | test acc 0.250 
158 == clients == 0.000 train loss 0.000 | test loss 15.636 | train acc 1.000 | test acc 0.100    == global model ==  train loss 2.402 | test loss 2.311 | train acc 0.147 | test acc 0.181 
159 == clients == 0.000 train loss 0.000 | test loss 17.086 | train acc 1.000 | test acc 0.100    == global model ==  train loss 2.513 | test loss 2.564 | train acc 0.133 | test acc 0.139 
160 == clients == 0.000 train loss 0.000 | test loss 17.394 | train acc 1.000 | test acc 0.100    == global model ==  train loss 2.431 | test loss 2.412 | train acc 0.115 | test acc 0.168 
161 == clients == 0.000 train loss 0.000 | test loss 16.479 | train acc 1.000 | test acc 0.100    == global model ==  train loss 2.292 | test loss 2.332 | train acc 0.170 | test acc 0.229 
162 == clients == 0.000 train loss 0.000 | test loss 15.611 | train acc 1.000 | test acc 0.100    == global model ==  train loss 2.229 | test loss 2.203 | train acc 0.183 | test acc 0.194 
163 == clients == 0.000 train loss 0.000 | test loss 15.684 | train acc 1.000 | test acc 0.100    == global model ==  train loss 2.279 | test loss 2.310 | train acc 0.228 | test acc 0.139 
164 == clients == 0.000 train loss 0.000 | test loss 14.972 | train acc 1.000 | test acc 0.100    == global model ==  train loss 2.298 | test loss 2.265 | train acc 0.117 | test acc 0.149 
165 == clients == 0.000 train loss 0.000 | test loss 15.491 | train acc 1.000 | test acc 0.100    == global model ==  train loss 2.211 | test loss 2.231 | train acc 0.184 | test acc 0.161 
166 == clients == 0.000 train loss 0.000 | test loss 14.850 | train acc 1.000 | test acc 0.100    == global model ==  train loss 2.336 | test loss 2.269 | train acc 0.106 | test acc 0.142 
167 == clients == 0.000 train loss 0.000 | test loss 15.715 | train acc 1.000 | test acc 0.100    == global model ==  train loss 2.387 | test loss 2.446 | train acc 0.137 | test acc 0.080 
168 == clients == 0.000 train loss 0.000 | test loss 15.400 | train acc 1.000 | test acc 0.100    == global model ==  train loss 2.565 | test loss 2.404 | train acc 0.132 | test acc 0.149 
169 == clients == 0.000 train loss 0.000 | test loss 17.673 | train acc 1.000 | test acc 0.100    == global model ==  train loss 3.129 | test loss 3.219 | train acc 0.100 | test acc 0.094 
170 == clients == 0.000 train loss 0.000 | test loss 18.519 | train acc 1.000 | test acc 0.100    == global model ==  train loss 2.612 | test loss 2.531 | train acc 0.247 | test acc 0.257 
171 == clients == 0.000 train loss 0.000 | test loss 16.977 | train acc 1.000 | test acc 0.100    == global model ==  train loss 2.424 | test loss 2.456 | train acc 0.147 | test acc 0.141 
172 == clients == 0.000 train loss 0.000 | test loss 16.517 | train acc 1.000 | test acc 0.100    == global model ==  train loss 2.445 | test loss 2.449 | train acc 0.156 | test acc 0.205 
173 == clients == 0.000 train loss 0.000 | test loss 15.909 | train acc 1.000 | test acc 0.100    == global model ==  train loss 2.227 | test loss 2.271 | train acc 0.113 | test acc 0.151 
174 == clients == 0.000 train loss 0.000 | test loss 14.509 | train acc 1.000 | test acc 0.100    == global model ==  train loss 2.319 | test loss 2.268 | train acc 0.214 | test acc 0.238 
175 == clients == 0.000 train loss 0.000 | test loss 16.486 | train acc 1.000 | test acc 0.100    == global model ==  train loss 2.537 | test loss 2.591 | train acc 0.105 | test acc 0.120 
176 == clients == 0.000 train loss 0.000 | test loss 17.541 | train acc 1.000 | test acc 0.100    == global model ==  train loss 2.400 | test loss 2.357 | train acc 0.124 | test acc 0.198 
177 == clients == 0.000 train loss 0.000 | test loss 15.741 | train acc 1.000 | test acc 0.100    == global model ==  train loss 2.350 | test loss 2.419 | train acc 0.239 | test acc 0.214 
178 == clients == 0.000 train loss 0.000 | test loss 15.389 | train acc 1.000 | test acc 0.100    == global model ==  train loss 2.257 | test loss 2.197 | train acc 0.109 | test acc 0.118 
179 == clients == 0.000 train loss 0.000 | test loss 14.703 | train acc 1.000 | test acc 0.100    == global model ==  train loss 2.469 | test loss 2.511 | train acc 0.228 | test acc 0.243 
180 == clients == 0.000 train loss 0.000 | test loss 15.220 | train acc 1.000 | test acc 0.100    == global model ==  train loss 2.287 | test loss 2.195 | train acc 0.291 | test acc 0.262 
181 == clients == 0.000 train loss 0.000 | test loss 15.464 | train acc 1.000 | test acc 0.100    == global model ==  train loss 2.632 | test loss 2.673 | train acc 0.100 | test acc 0.109 
182 == clients == 0.000 train loss 0.000 | test loss 15.639 | train acc 1.000 | test acc 0.100    == global model ==  train loss 2.523 | test loss 2.467 | train acc 0.109 | test acc 0.128 
183 == clients == 0.000 train loss 0.000 | test loss 15.328 | train acc 1.000 | test acc 0.100    == global model ==  train loss 2.444 | test loss 2.551 | train acc 0.100 | test acc 0.094 
184 == clients == 0.000 train loss 0.000 | test loss 16.166 | train acc 1.000 | test acc 0.100    == global model ==  train loss 2.451 | test loss 2.405 | train acc 0.190 | test acc 0.201 
185 == clients == 0.000 train loss 0.000 | test loss 15.131 | train acc 1.000 | test acc 0.100    == global model ==  train loss 2.248 | test loss 2.299 | train acc 0.100 | test acc 0.095 
186 == clients == 0.000 train loss 0.000 | test loss 14.282 | train acc 1.000 | test acc 0.100    == global model ==  train loss 2.289 | test loss 2.260 | train acc 0.139 | test acc 0.161 
187 == clients == 0.000 train loss 0.000 | test loss 13.938 | train acc 1.000 | test acc 0.100    == global model ==  train loss 2.314 | test loss 2.377 | train acc 0.100 | test acc 0.094 
188 == clients == 0.000 train loss 0.000 | test loss 14.304 | train acc 1.000 | test acc 0.100    == global model ==  train loss 2.443 | test loss 2.383 | train acc 0.130 | test acc 0.161 
189 == clients == 0.000 train loss 0.000 | test loss 14.736 | train acc 1.000 | test acc 0.100    == global model ==  train loss 2.624 | test loss 2.697 | train acc 0.121 | test acc 0.113 
190 == clients == 0.000 train loss 0.000 | test loss 15.728 | train acc 1.000 | test acc 0.100    == global model ==  train loss 2.405 | test loss 2.419 | train acc 0.151 | test acc 0.193 
191 == clients == 0.000 train loss 0.000 | test loss 15.568 | train acc 1.000 | test acc 0.100    == global model ==  train loss 2.312 | test loss 2.360 | train acc 0.119 | test acc 0.102 
192 == clients == 0.000 train loss 0.000 | test loss 14.384 | train acc 1.000 | test acc 0.100    == global model ==  train loss 2.260 | test loss 2.206 | train acc 0.173 | test acc 0.165 
193 == clients == 0.000 train loss 0.000 | test loss 15.819 | train acc 1.000 | test acc 0.100    == global model ==  train loss 2.307 | test loss 2.348 | train acc 0.121 | test acc 0.097 
194 == clients == 0.000 train loss 0.000 | test loss 14.482 | train acc 1.000 | test acc 0.100    == global model ==  train loss 2.276 | test loss 2.171 | train acc 0.111 | test acc 0.137 
195 == clients == 0.000 train loss 0.000 | test loss 14.601 | train acc 1.000 | test acc 0.100    == global model ==  train loss 2.798 | test loss 2.865 | train acc 0.100 | test acc 0.094 
196 == clients == 0.000 train loss 0.000 | test loss 16.764 | train acc 1.000 | test acc 0.100    == global model ==  train loss 2.538 | test loss 2.440 | train acc 0.180 | test acc 0.156 
197 == clients == 0.000 train loss 0.000 | test loss 15.302 | train acc 1.000 | test acc 0.100    == global model ==  train loss 2.375 | test loss 2.387 | train acc 0.208 | test acc 0.224 
198 == clients == 0.000 train loss 0.000 | test loss 14.371 | train acc 1.000 | test acc 0.100    == global model ==  train loss 2.250 | test loss 2.214 | train acc 0.157 | test acc 0.247 
199 == clients == 0.000 train loss 0.000 | test loss 14.604 | train acc 1.000 | test acc 0.100    == global model ==  train loss 2.336 | test loss 2.370 | train acc 0.241 | test acc 0.224 
200 == clients == 0.000 train loss 0.000 | test loss 14.349 | train acc 1.000 | test acc 0.100    == global model ==  train loss 2.389 | test loss 2.366 | train acc 0.114 | test acc 0.106 
global model -- val_loss=2.627 -- val_acc=0.110 -- test_loss=2.646 -- test_acc=0.115
==========total runtime 26645===========
